<?xml version="1.0" encoding="UTF-8"?>
<!-- Generated by org.testng.reporters.JUnitReportReporter -->
<testsuite name="com.tester.cases.UpdateUserInfoTest" tests="2" time="4.260" ignored="0" failures="0" timestamp="31 Dec 2018 10:56:30 GMT" skipped="0" hostname="6K34I5TND988MCK" errors="0">
  <testcase name="updateUserInfo" time="2.168" classname="com.tester.cases.UpdateUserInfoTest"/>
  <testcase name="deleteUser" time="2.092" classname="com.tester.cases.UpdateUserInfoTest"/>
</testsuite> <!-- com.tester.cases.UpdateUserInfoTest -->
